This is pdfTeX, Version 3.1415926-2.3-1.40.12 (TeX Live 2011) (format=pdflatex 2011.7.3)  30 APR 2014 15:34
entering extended mode
 restricted \write18 enabled.
 %&-line parsing enabled.
**baththesis.tex
(./baththesis.tex
LaTeX2e <2009/09/24>
Babel <v3.8l> and hyphenation patterns for english, dumylang, nohyphenation, ge
rman-x-2009-06-19, ngerman-x-2009-06-19, afrikaans, ancientgreek, ibycus, arabi
c, armenian, basque, bulgarian, catalan, pinyin, coptic, croatian, czech, danis
h, dutch, ukenglish, usenglishmax, esperanto, estonian, ethiopic, farsi, finnis
h, french, galician, german, ngerman, swissgerman, monogreek, greek, hungarian,
 icelandic, assamese, bengali, gujarati, hindi, kannada, malayalam, marathi, or
iya, panjabi, tamil, telugu, indonesian, interlingua, irish, italian, kurmanji,
 lao, latin, latvian, lithuanian, mongolian, mongolianlmc, bokmal, nynorsk, pol
ish, portuguese, romanian, russian, sanskrit, serbian, serbianc, slovak, sloven
ian, spanish, swedish, turkish, turkmen, ukrainian, uppersorbian, welsh, loaded
.
(/usr/local/texlive/2011/texmf-dist/tex/latex/base/report.cls
Document Class: report 2007/10/19 v1.4h Standard LaTeX document class
(/usr/local/texlive/2011/texmf-dist/tex/latex/base/size11.clo
File: size11.clo 2007/10/19 v1.4h Standard LaTeX file (size option)
)
\c@part=\count79
\c@chapter=\count80
\c@section=\count81
\c@subsection=\count82
\c@subsubsection=\count83
\c@paragraph=\count84
\c@subparagraph=\count85
\c@figure=\count86
\c@table=\count87
\abovecaptionskip=\skip41
\belowcaptionskip=\skip42
\bibindent=\dimen102
)
(./baththesis.sty
Package: baththesis 

(/usr/local/texlive/2011/texmf-dist/tex/latex/setspace/setspace.sty
Package: setspace 2000/12/01 6.7 Contributed and Supported LaTeX2e package

Package: `setspace' 6.7 <2000/12/01>
)) (/usr/local/texlive/2011/texmf-dist/tex/latex/amsfonts/amssymb.sty
Package: amssymb 2009/06/22 v3.00

(/usr/local/texlive/2011/texmf-dist/tex/latex/amsfonts/amsfonts.sty
Package: amsfonts 2009/06/22 v3.00 Basic AMSFonts support
\@emptytoks=\toks14
\symAMSa=\mathgroup4
\symAMSb=\mathgroup5
LaTeX Font Info:    Overwriting math alphabet `\mathfrak' in version `bold'
(Font)                  U/euf/m/n --> U/euf/b/n on input line 96.
))
(/usr/local/texlive/2011/texmf-dist/tex/latex/graphics/graphicx.sty
Package: graphicx 1999/02/16 v1.0f Enhanced LaTeX Graphics (DPC,SPQR)

(/usr/local/texlive/2011/texmf-dist/tex/latex/graphics/keyval.sty
Package: keyval 1999/03/16 v1.13 key=value parser (DPC)
\KV@toks@=\toks15
)
(/usr/local/texlive/2011/texmf-dist/tex/latex/graphics/graphics.sty
Package: graphics 2009/02/05 v1.0o Standard LaTeX Graphics (DPC,SPQR)

(/usr/local/texlive/2011/texmf-dist/tex/latex/graphics/trig.sty
Package: trig 1999/03/16 v1.09 sin cos tan (DPC)
)
(/usr/local/texlive/2011/texmf-dist/tex/latex/latexconfig/graphics.cfg
File: graphics.cfg 2010/04/23 v1.9 graphics configuration of TeX Live
)
Package graphics Info: Driver file: pdftex.def on input line 91.

(/usr/local/texlive/2011/texmf-dist/tex/latex/pdftex-def/pdftex.def
File: pdftex.def 2011/05/27 v0.06d Graphics/color for pdfTeX

(/usr/local/texlive/2011/texmf-dist/tex/generic/oberdiek/infwarerr.sty
Package: infwarerr 2010/04/08 v1.3 Providing info/warning/message (HO)
)
(/usr/local/texlive/2011/texmf-dist/tex/generic/oberdiek/ltxcmds.sty
Package: ltxcmds 2011/04/18 v1.20 LaTeX kernel commands for general use (HO)
)
\Gread@gobject=\count88
))
\Gin@req@height=\dimen103
\Gin@req@width=\dimen104
)
(./baththesis.aux)
\openout1 = `baththesis.aux'.

LaTeX Font Info:    Checking defaults for OML/cmm/m/it on input line 11.
LaTeX Font Info:    ... okay on input line 11.
LaTeX Font Info:    Checking defaults for T1/cmr/m/n on input line 11.
LaTeX Font Info:    ... okay on input line 11.
LaTeX Font Info:    Checking defaults for OT1/cmr/m/n on input line 11.
LaTeX Font Info:    ... okay on input line 11.
LaTeX Font Info:    Checking defaults for OMS/cmsy/m/n on input line 11.
LaTeX Font Info:    ... okay on input line 11.
LaTeX Font Info:    Checking defaults for OMX/cmex/m/n on input line 11.
LaTeX Font Info:    ... okay on input line 11.
LaTeX Font Info:    Checking defaults for U/cmr/m/n on input line 11.
LaTeX Font Info:    ... okay on input line 11.

(/usr/local/texlive/2011/texmf-dist/tex/context/base/supp-pdf.mkii
[Loading MPS to PDF converter (version 2006.09.02).]
\scratchcounter=\count89
\scratchdimen=\dimen105
\scratchbox=\box26
\nofMPsegments=\count90
\nofMParguments=\count91
\everyMPshowfont=\toks16
\MPscratchCnt=\count92
\MPscratchDim=\dimen106
\MPnumerator=\count93
\makeMPintoPDFobject=\count94
\everyMPtoPDFconversion=\toks17
) (/usr/local/texlive/2011/texmf-dist/tex/generic/oberdiek/pdftexcmds.sty
Package: pdftexcmds 2011/04/22 v0.16 Utilities of pdfTeX for LuaTeX (HO)

(/usr/local/texlive/2011/texmf-dist/tex/generic/oberdiek/ifluatex.sty
Package: ifluatex 2010/03/01 v1.3 Provides the ifluatex switch (HO)
Package ifluatex Info: LuaTeX not detected.
)
(/usr/local/texlive/2011/texmf-dist/tex/generic/oberdiek/ifpdf.sty
Package: ifpdf 2011/01/30 v2.3 Provides the ifpdf switch (HO)
Package ifpdf Info: pdfTeX in PDF mode is detected.
)
Package pdftexcmds Info: LuaTeX not detected.
Package pdftexcmds Info: \pdf@primitive is available.
Package pdftexcmds Info: \pdf@ifprimitive is available.
Package pdftexcmds Info: \pdfdraftmode found.
)
(/usr/local/texlive/2011/texmf-dist/tex/latex/oberdiek/epstopdf-base.sty
Package: epstopdf-base 2010/02/09 v2.5 Base part for package epstopdf

(/usr/local/texlive/2011/texmf-dist/tex/latex/oberdiek/grfext.sty
Package: grfext 2010/08/19 v1.1 Managing graphics extensions (HO)

(/usr/local/texlive/2011/texmf-dist/tex/generic/oberdiek/kvdefinekeys.sty
Package: kvdefinekeys 2011/04/07 v1.3 Defining keys (HO)
))
(/usr/local/texlive/2011/texmf-dist/tex/latex/oberdiek/kvoptions.sty
Package: kvoptions 2010/12/23 v3.10 Keyval support for LaTeX options (HO)

(/usr/local/texlive/2011/texmf-dist/tex/generic/oberdiek/kvsetkeys.sty
Package: kvsetkeys 2011/04/07 v1.13 Key value parser (HO)

(/usr/local/texlive/2011/texmf-dist/tex/generic/oberdiek/etexcmds.sty
Package: etexcmds 2011/02/16 v1.5 Prefix for e-TeX command names (HO)
Package etexcmds Info: Could not find \expanded.
(etexcmds)             That can mean that you are not using pdfTeX 1.50 or
(etexcmds)             that some package has redefined \expanded.
(etexcmds)             In the latter case, load this package earlier.
)))
Package grfext Info: Graphics extension search list:
(grfext)             [.png,.pdf,.jpg,.mps,.jpeg,.jbig2,.jb2,.PNG,.PDF,.JPG,.JPE
G,.JBIG2,.JB2,.eps]
(grfext)             \AppendGraphicsExtensions on input line 452.

(/usr/local/texlive/2011/texmf-dist/tex/latex/latexconfig/epstopdf-sys.cfg
File: epstopdf-sys.cfg 2010/07/13 v1.3 Configuration of (r)epstopdf for TeX Liv
e
))
[0

{/usr/local/texlive/2011/texmf-var/fonts/map/pdftex/updmap/pdftex.map}]
[1]
Chapter 1.
[2

] [3]
Chapter 2.
[4

] [5]
LaTeX Font Info:    Try loading font information for U+msa on input line 100.
 (/usr/local/texlive/2011/texmf-dist/tex/latex/amsfonts/umsa.fd
File: umsa.fd 2009/06/22 v3.00 AMS symbols A
)
LaTeX Font Info:    Try loading font information for U+msb on input line 100.

(/usr/local/texlive/2011/texmf-dist/tex/latex/amsfonts/umsb.fd
File: umsb.fd 2009/06/22 v3.00 AMS symbols B
) [6]
Chapter 3.
LaTeX Font Info:    Try loading font information for OMS+cmr on input line 108.

(/usr/local/texlive/2011/texmf-dist/tex/latex/base/omscmr.fd
File: omscmr.fd 1999/05/25 v2.5h Standard LaTeX font definitions
)
LaTeX Font Info:    Font shape `OMS/cmr/m/n' in size <10.95> not available
(Font)              Font shape `OMS/cmsy/m/n' tried instead on input line 108.
 [7

] [8]
Chapter 4.
[9

] [10]
Chapter 5.
[11

]
Chapter 6.
(./baththesis.bbl [12

]) [13

] (./baththesis.aux) ) 
Here is how much of TeX's memory you used:
 1852 strings out of 493633
 25820 string characters out of 3143378
 78265 words of memory out of 3000000
 5131 multiletter control sequences out of 15000+200000
 11665 words of font info for 43 fonts, out of 3000000 for 9000
 831 hyphenation exceptions out of 8191
 37i,5n,24p,812b,158s stack positions out of 5000i,500n,10000p,200000b,50000s
</usr/local/texlive/2011/texmf-dist/fonts/type1/public/am
sfonts/cm/cmbx10.pfb></usr/local/texlive/2011/texmf-dist/fonts/type1/public/ams
fonts/cm/cmbx12.pfb></usr/local/texlive/2011/texmf-dist/fonts/type1/public/amsf
onts/cm/cmcsc10.pfb></usr/local/texlive/2011/texmf-dist/fonts/type1/public/amsf
onts/cm/cmr10.pfb></usr/local/texlive/2011/texmf-dist/fonts/type1/public/amsfon
ts/cm/cmr12.pfb></usr/local/texlive/2011/texmf-dist/fonts/type1/public/amsfonts
/cm/cmr17.pfb></usr/local/texlive/2011/texmf-dist/fonts/type1/public/amsfonts/c
m/cmsy10.pfb></usr/local/texlive/2011/texmf-dist/fonts/type1/public/amsfonts/cm
/cmsy8.pfb></usr/local/texlive/2011/texmf-dist/fonts/type1/public/amsfonts/cm/c
mti10.pfb>
Output written on baththesis.pdf (14 pages, 138703 bytes).
PDF statistics:
 86 PDF objects out of 1000 (max. 8388607)
 60 compressed objects within 1 object stream
 0 named destinations out of 1000 (max. 500000)
 1 words of extra memory for PDF output out of 10000 (max. 10000000)

